<?xml version="1.0" encoding="UTF-8"?>
<!-- Generated by org.testng.reporters.JUnitReportReporter -->
<testsuite skipped="0" hostname="AGOF21-01072023" name="com.ljd.java001.TestNG" tests="2" failures="0" timestamp="05 十一月 2020 12:53:44 GMT" time="0.007" errors="0">
  <testcase name="testCase1" time="0.005" classname="com.ljd.java001.TestNG"/>
  <testcase name="testCase2" time="0.002" classname="com.ljd.java001.TestNG"/>
</testsuite> <!-- com.ljd.java001.TestNG -->
